{
  "RSpec": {
    "coverage": {
      "/Users/ralphcaprio/Desktop/TTS/rails/ecommerce/spec/controllers/products_controller_spec.rb": [
        1,
        null,
        1,
        null,
        1,
        1,
        1,
        1,
        null,
        null,
        null,
        1,
        1,
        1,
        1,
        null,
        null,
        null,
        1,
        1,
        1,
        1,
        null,
        null,
        null,
        1,
        1,
        1,
        1,
        null,
        null,
        null,
        null
      ],
      "/Users/ralphcaprio/Desktop/TTS/rails/ecommerce/spec/rails_helper.rb": [
        null,
        1,
        1,
        null,
        1,
        1,
        1,
        1,
        null,
        null,
        null,
        null,
        null,
        null,
        null,
        null,
        null,
        null,
        null,
        null,
        null,
        null,
        null,
        null,
        null,
        null,
        null,
        1,
        null,
        1,
        null,
        null,
        null,
        null,
        null,
        null,
        1,
        null,
        null,
        null,
        null,
        null,
        null,
        null,
        null,
        null,
        null,
        null,
        null,
        null,
        null,
        1,
        null,
        null,
        1,
        null,
        null,
        1,
        1,
        null
      ],
      "/Users/ralphcaprio/Desktop/TTS/rails/ecommerce/config/environment.rb": [
        null,
        1,
        null,
        null,
        1
      ],
      "/Users/ralphcaprio/Desktop/TTS/rails/ecommerce/config/application.rb": [
        1,
        null,
        1,
        null,
        1,
        1,
        1,
        1,
        1,
        1,
        1,
        null,
        null,
        null,
        null,
        1,
        null,
        1,
        1,
        null,
        null,
        null,
        null,
        null,
        null,
        null,
        null,
        null,
        null,
        null,
        null,
        null,
        1,
        null,
        null
      ],
      "/Users/ralphcaprio/Desktop/TTS/rails/ecommerce/config/boot.rb": [
        1,
        null,
        1
      ],
      "/Users/ralphcaprio/Desktop/TTS/rails/ecommerce/config/environments/test.rb": [
        1,
        null,
        null,
        null,
        null,
        null,
        null,
        1,
        null,
        null,
        null,
        null,
        1,
        null,
        null,
        1,
        1,
        null,
        null,
        1,
        1,
        null,
        null,
        1,
        null,
        null,
        1,
        null,
        null,
        null,
        null,
        1,
        null,
        null,
        1,
        null,
        null,
        1,
        null,
        null,
        null,
        null
      ],
      "/Users/ralphcaprio/Desktop/TTS/rails/ecommerce/config/initializers/assets.rb": [
        null,
        null,
        null,
        1,
        null,
        null,
        null,
        null,
        null,
        null,
        null
      ],
      "/Users/ralphcaprio/Desktop/TTS/rails/ecommerce/config/initializers/backtrace_silencers.rb": [
        null,
        null,
        null,
        null,
        null,
        null,
        null
      ],
      "/Users/ralphcaprio/Desktop/TTS/rails/ecommerce/config/initializers/cookies_serializer.rb": [
        null,
        null,
        1
      ],
      "/Users/ralphcaprio/Desktop/TTS/rails/ecommerce/config/initializers/filter_parameter_logging.rb": [
        null,
        null,
        null,
        1
      ],
      "/Users/ralphcaprio/Desktop/TTS/rails/ecommerce/config/initializers/inflections.rb": [
        null,
        null,
        null,
        null,
        null,
        null,
        null,
        null,
        null,
        null,
        null,
        null,
        null,
        null,
        null,
        null
      ],
      "/Users/ralphcaprio/Desktop/TTS/rails/ecommerce/config/initializers/mime_types.rb": [
        null,
        null,
        null,
        null
      ],
      "/Users/ralphcaprio/Desktop/TTS/rails/ecommerce/config/initializers/session_store.rb": [
        null,
        null,
        1
      ],
      "/Users/ralphcaprio/Desktop/TTS/rails/ecommerce/config/initializers/wrap_parameters.rb": [
        null,
        null,
        null,
        null,
        null,
        null,
        1,
        1,
        null,
        null,
        null,
        null,
        null,
        null
      ],
      "/Users/ralphcaprio/Desktop/TTS/rails/ecommerce/spec/factories.rb": [
        1,
        1,
        12,
        1,
        1,
        1,
        1,
        null,
        null
      ],
      "/Users/ralphcaprio/Desktop/TTS/rails/ecommerce/config/routes.rb": [
        1,
        1,
        null,
        1,
        null,
        1,
        null,
        1,
        null,
        null,
        null,
        null,
        null,
        null,
        null,
        null,
        null,
        null,
        null,
        null,
        null,
        null,
        null,
        null,
        null,
        null,
        null,
        null,
        null,
        null,
        null,
        null,
        null,
        null,
        null,
        null,
        null,
        null,
        null,
        null,
        null,
        null,
        null,
        null,
        null,
        null,
        null,
        null,
        null,
        null,
        null,
        null,
        null,
        null,
        null,
        null,
        null,
        null,
        null,
        null,
        null,
        null,
        null,
        null
      ],
      "/Users/ralphcaprio/Desktop/TTS/rails/ecommerce/app/helpers/application_helper.rb": [
        1,
        null
      ],
      "/Users/ralphcaprio/Desktop/TTS/rails/ecommerce/app/helpers/products_helper.rb": [
        1,
        null
      ],
      "/Users/ralphcaprio/Desktop/TTS/rails/ecommerce/app/controllers/products_controller.rb": [
        1,
        1,
        null,
        null,
        1,
        null,
        null,
        1,
        null,
        null,
        1,
        null,
        null
      ],
      "/Users/ralphcaprio/Desktop/TTS/rails/ecommerce/app/controllers/application_controller.rb": [
        1,
        null,
        null,
        1,
        null
      ],
      "/Users/ralphcaprio/Desktop/TTS/rails/ecommerce/spec/helpers/products_helper_spec.rb": [
        1,
        null,
        null,
        null,
        null,
        null,
        null,
        null,
        null,
        null,
        null,
        null,
        1,
        1,
        null
      ],
      "/Users/ralphcaprio/Desktop/TTS/rails/ecommerce/spec/models/product_spec.rb": [
        1,
        null,
        1,
        null,
        null,
        1,
        1,
        1,
        null,
        1,
        null,
        null,
        null,
        1,
        1,
        1,
        null,
        1,
        null,
        1,
        1,
        null,
        1,
        null,
        null,
        null,
        1,
        1,
        1,
        null,
        1,
        null,
        1,
        1,
        null,
        1,
        null,
        1,
        1,
        null,
        1,
        null,
        null,
        null,
        1,
        1,
        1,
        null,
        1,
        null,
        1,
        1,
        null,
        1,
        null,
        null,
        null,
        1,
        1,
        1,
        1,
        1,
        null,
        null,
        null
      ],
      "/Users/ralphcaprio/Desktop/TTS/rails/ecommerce/app/models/product.rb": [
        1,
        1,
        1,
        1,
        1,
        null,
        null,
        1,
        1,
        null,
        null,
        null
      ],
      "/Users/ralphcaprio/Desktop/TTS/rails/ecommerce/spec/views/products/edit.html.erb_spec.rb": [
        1,
        null,
        1,
        1,
        null
      ],
      "/Users/ralphcaprio/Desktop/TTS/rails/ecommerce/spec/views/products/index.html.erb_spec.rb": [
        1,
        null,
        1,
        1,
        null
      ],
      "/Users/ralphcaprio/Desktop/TTS/rails/ecommerce/spec/views/products/new.html.erb_spec.rb": [
        1,
        null,
        1,
        1,
        null
      ],
      "/Users/ralphcaprio/Desktop/TTS/rails/ecommerce/spec/views/products/show.html.erb_spec.rb": [
        1,
        null,
        1,
        1,
        null
      ]
    },
    "timestamp": 1470667198
  }
}
