{
  "RSpec": {
    "coverage": {
      "/Users/ralphcaprio/Desktop/Code/rails/ecommerce/spec/controllers/carts_controller_spec.rb": [
        1,
        null,
        1,
        null,
        1,
        2,
        null,
        1,
        1,
        1,
        null,
        null,
        null,
        null
      ],
      "/Users/ralphcaprio/Desktop/Code/rails/ecommerce/spec/rails_helper.rb": [
        null,
        1,
        1,
        null,
        1,
        1,
        1,
        1,
        null,
        null,
        null,
        null,
        null,
        null,
        null,
        null,
        null,
        null,
        null,
        null,
        null,
        null,
        null,
        null,
        null,
        null,
        null,
        1,
        null,
        1,
        null,
        null,
        null,
        null,
        null,
        null,
        1,
        null,
        null,
        null,
        null,
        null,
        null,
        null,
        null,
        null,
        null,
        null,
        null,
        null,
        null,
        1,
        null,
        null,
        1,
        null,
        null,
        1,
        1,
        null
      ],
      "/Users/ralphcaprio/Desktop/Code/rails/ecommerce/config/environment.rb": [
        null,
        1,
        null,
        null,
        1
      ],
      "/Users/ralphcaprio/Desktop/Code/rails/ecommerce/config/application.rb": [
        1,
        null,
        1,
        null,
        1,
        1,
        1,
        1,
        1,
        1,
        1,
        null,
        null,
        null,
        null,
        1,
        null,
        1,
        1,
        null,
        null,
        null,
        null,
        null,
        null,
        null,
        null,
        null,
        null,
        null,
        null,
        null,
        1,
        null,
        null
      ],
      "/Users/ralphcaprio/Desktop/Code/rails/ecommerce/config/boot.rb": [
        1,
        null,
        1
      ],
      "/Users/ralphcaprio/Desktop/Code/rails/ecommerce/config/environments/test.rb": [
        1,
        null,
        null,
        null,
        null,
        null,
        null,
        1,
        null,
        null,
        null,
        null,
        1,
        null,
        null,
        1,
        1,
        null,
        null,
        1,
        1,
        null,
        null,
        1,
        null,
        null,
        1,
        null,
        null,
        null,
        null,
        1,
        null,
        null,
        1,
        null,
        null,
        1,
        null,
        null,
        null,
        null
      ],
      "/Users/ralphcaprio/Desktop/Code/rails/ecommerce/config/initializers/assets.rb": [
        null,
        null,
        null,
        1,
        null,
        null,
        null,
        null,
        null,
        null,
        null
      ],
      "/Users/ralphcaprio/Desktop/Code/rails/ecommerce/config/initializers/backtrace_silencers.rb": [
        null,
        null,
        null,
        null,
        null,
        null,
        null
      ],
      "/Users/ralphcaprio/Desktop/Code/rails/ecommerce/config/initializers/cookies_serializer.rb": [
        null,
        null,
        1
      ],
      "/Users/ralphcaprio/Desktop/Code/rails/ecommerce/config/initializers/devise.rb": [
        null,
        null,
        1,
        null,
        null,
        null,
        null,
        null,
        null,
        null,
        null,
        null,
        null,
        null,
        1,
        null,
        null,
        null,
        null,
        null,
        null,
        null,
        null,
        null,
        null,
        null,
        1,
        null,
        null,
        null,
        null,
        null,
        null,
        null,
        null,
        null,
        null,
        null,
        null,
        null,
        null,
        null,
        null,
        null,
        null,
        null,
        null,
        null,
        1,
        null,
        null,
        null,
        null,
        1,
        null,
        null,
        null,
        null,
        null,
        null,
        null,
        null,
        null,
        null,
        null,
        null,
        null,
        null,
        null,
        null,
        null,
        null,
        null,
        null,
        null,
        null,
        null,
        null,
        null,
        null,
        null,
        null,
        null,
        null,
        1,
        null,
        null,
        null,
        null,
        null,
        null,
        null,
        null,
        null,
        null,
        null,
        null,
        null,
        null,
        null,
        null,
        null,
        null,
        null,
        null,
        null,
        null,
        1,
        null,
        null,
        null,
        null,
        null,
        null,
        null,
        null,
        null,
        null,
        null,
        null,
        null,
        null,
        null,
        null,
        null,
        null,
        null,
        null,
        null,
        null,
        null,
        null,
        null,
        null,
        null,
        1,
        null,
        null,
        null,
        null,
        null,
        null,
        null,
        null,
        null,
        1,
        null,
        null,
        null,
        null,
        null,
        null,
        null,
        null,
        null,
        null,
        1,
        null,
        null,
        null,
        null,
        1,
        null,
        null,
        null,
        null,
        null,
        null,
        null,
        null,
        null,
        null,
        null,
        null,
        null,
        null,
        null,
        null,
        null,
        null,
        null,
        null,
        null,
        null,
        null,
        null,
        null,
        null,
        null,
        null,
        null,
        null,
        null,
        null,
        null,
        null,
        null,
        null,
        null,
        null,
        null,
        null,
        1,
        null,
        null,
        null,
        null,
        null,
        null,
        null,
        null,
        null,
        null,
        null,
        null,
        null,
        null,
        null,
        null,
        null,
        null,
        null,
        null,
        null,
        null,
        null,
        null,
        null,
        null,
        null,
        null,
        null,
        null,
        null,
        null,
        null,
        null,
        null,
        null,
        null,
        null,
        null,
        null,
        null,
        1,
        null,
        null,
        null,
        null,
        null,
        null,
        null,
        null,
        null,
        null,
        null,
        null,
        null,
        null,
        null,
        null,
        null,
        null,
        null,
        null,
        null,
        null,
        null,
        null,
        null,
        null,
        null,
        null,
        null
      ],
      "/Users/ralphcaprio/Desktop/Code/rails/ecommerce/config/initializers/filter_parameter_logging.rb": [
        null,
        null,
        null,
        1
      ],
      "/Users/ralphcaprio/Desktop/Code/rails/ecommerce/config/initializers/inflections.rb": [
        null,
        null,
        null,
        null,
        null,
        null,
        null,
        null,
        null,
        null,
        null,
        null,
        null,
        null,
        null,
        null
      ],
      "/Users/ralphcaprio/Desktop/Code/rails/ecommerce/config/initializers/mime_types.rb": [
        null,
        null,
        null,
        null
      ],
      "/Users/ralphcaprio/Desktop/Code/rails/ecommerce/config/initializers/session_store.rb": [
        null,
        null,
        1
      ],
      "/Users/ralphcaprio/Desktop/Code/rails/ecommerce/config/initializers/stripe.rb": [
        1,
        null,
        null,
        null,
        null,
        1
      ],
      "/Users/ralphcaprio/Desktop/Code/rails/ecommerce/config/initializers/wrap_parameters.rb": [
        null,
        null,
        null,
        null,
        null,
        null,
        1,
        1,
        null,
        null,
        null,
        null,
        null,
        null
      ],
      "/Users/ralphcaprio/Desktop/Code/rails/ecommerce/spec/factories.rb": [
        1,
        1,
        68,
        1,
        1,
        1,
        1,
        null,
        null,
        1,
        1,
        15,
        1,
        1,
        1,
        null,
        null,
        1,
        1,
        11,
        1,
        1,
        1,
        null,
        null,
        1,
        1,
        null,
        null,
        1,
        1,
        1,
        null,
        null,
        null
      ],
      "/Users/ralphcaprio/Desktop/Code/rails/ecommerce/app/models/user.rb": [
        1,
        null,
        null,
        1,
        null,
        1,
        1,
        null,
        1,
        1,
        null,
        null,
        null
      ],
      "/Users/ralphcaprio/Desktop/Code/rails/ecommerce/config/routes.rb": [
        1,
        null,
        null,
        null,
        1,
        null,
        1,
        1,
        1,
        null,
        1,
        null,
        1,
        null,
        null
      ],
      "/Users/ralphcaprio/Desktop/Code/rails/ecommerce/app/helpers/application_helper.rb": [
        1,
        null
      ],
      "/Users/ralphcaprio/Desktop/Code/rails/ecommerce/app/helpers/carts_helper.rb": [
        1,
        null
      ],
      "/Users/ralphcaprio/Desktop/Code/rails/ecommerce/app/helpers/homes_helper.rb": [
        1,
        null
      ],
      "/Users/ralphcaprio/Desktop/Code/rails/ecommerce/app/helpers/products_helper.rb": [
        1,
        null
      ],
      "/Users/ralphcaprio/Desktop/Code/rails/ecommerce/app/controllers/carts_controller.rb": [
        1,
        null,
        1,
        1,
        null,
        null,
        1,
        0,
        0,
        0,
        null,
        0,
        null,
        null,
        null,
        1,
        0,
        0,
        0,
        null,
        null,
        1,
        0,
        0,
        null,
        0,
        null,
        null,
        null,
        null,
        0,
        null,
        null,
        null,
        null,
        null,
        null,
        0,
        null,
        null,
        0,
        0,
        null,
        null
      ],
      "/Users/ralphcaprio/Desktop/Code/rails/ecommerce/app/controllers/application_controller.rb": [
        1,
        null,
        null,
        1,
        1,
        null,
        null,
        1,
        null,
        1,
        0,
        0,
        null,
        null
      ],
      "/Users/ralphcaprio/Desktop/Code/rails/ecommerce/spec/controllers/homes_controller_spec.rb": [
        1,
        null,
        1,
        null,
        1,
        1,
        1,
        1,
        null,
        null,
        1,
        1,
        1,
        1,
        null,
        1,
        null,
        null,
        null
      ],
      "/Users/ralphcaprio/Desktop/Code/rails/ecommerce/app/controllers/homes_controller.rb": [
        1,
        1,
        2,
        null,
        null
      ],
      "/Users/ralphcaprio/Desktop/Code/rails/ecommerce/spec/controllers/products_controller_spec.rb": [
        1,
        null,
        1,
        null,
        1,
        4,
        2,
        2,
        2,
        2,
        2,
        2,
        null,
        null,
        1,
        12,
        null,
        1,
        11,
        null,
        null,
        1,
        1,
        1,
        null,
        1,
        null,
        1,
        1,
        null,
        1,
        null,
        null,
        null,
        1,
        1,
        1,
        null,
        null,
        1,
        1,
        null,
        null,
        null,
        1,
        1,
        1,
        null,
        1,
        null,
        null,
        null,
        1,
        3,
        null,
        null,
        1,
        1,
        null,
        1,
        null,
        1,
        1,
        null,
        1,
        null,
        null,
        null,
        1,
        3,
        null,
        1,
        1,
        null,
        1,
        null,
        1,
        1,
        null,
        1,
        null,
        null,
        null,
        1,
        3,
        3,
        null,
        1,
        1,
        1,
        null,
        1,
        null,
        null,
        1,
        1,
        null,
        1,
        null,
        null,
        null,
        1,
        2,
        null,
        1,
        1,
        1,
        null,
        null,
        null,
        null,
        1,
        6,
        null,
        1,
        5,
        null,
        null,
        1,
        1,
        1,
        null,
        1,
        null,
        null,
        null,
        1,
        1,
        1,
        null,
        1,
        null,
        null,
        null,
        1,
        1,
        null,
        1,
        1,
        null,
        1,
        null,
        null,
        null,
        1,
        3,
        null,
        1,
        1,
        1,
        null,
        null,
        1,
        1,
        null,
        1,
        null,
        null,
        null,
        null,
        null
      ],
      "/Users/ralphcaprio/Desktop/Code/rails/ecommerce/app/controllers/products_controller.rb": [
        1,
        1,
        1,
        1,
        1,
        null,
        1,
        0,
        0,
        0,
        0,
        null,
        0,
        null,
        null,
        null,
        1,
        2,
        null,
        null,
        1,
        1,
        1,
        1,
        null,
        0,
        null,
        null,
        null,
        1,
        1,
        null,
        null,
        1,
        3,
        null,
        null,
        1,
        3,
        null,
        null,
        1,
        2,
        2,
        2,
        2,
        null,
        0,
        null,
        null,
        null,
        1,
        1,
        1,
        1,
        null,
        null,
        1,
        null,
        1,
        3,
        null,
        null,
        1,
        13,
        3,
        null,
        null,
        null
      ],
      "/Users/ralphcaprio/Desktop/Code/rails/ecommerce/app/controllers/concerns/current_cart.rb": [
        null,
        null,
        1,
        1,
        1,
        0,
        null,
        0,
        0,
        null,
        null
      ],
      "/Users/ralphcaprio/Desktop/Code/rails/ecommerce/spec/helpers/carts_helper_spec.rb": [
        1,
        null,
        null,
        null,
        null,
        null,
        null,
        null,
        null,
        null,
        null,
        null,
        1,
        1,
        null
      ],
      "/Users/ralphcaprio/Desktop/Code/rails/ecommerce/spec/helpers/homes_helper_spec.rb": [
        1,
        null,
        null,
        null,
        null,
        null,
        null,
        null,
        null,
        null,
        null,
        null,
        1,
        1,
        null
      ],
      "/Users/ralphcaprio/Desktop/Code/rails/ecommerce/spec/helpers/products_helper_spec.rb": [
        1,
        null,
        null,
        null,
        null,
        null,
        null,
        null,
        null,
        null,
        null,
        null,
        1,
        1,
        null
      ],
      "/Users/ralphcaprio/Desktop/Code/rails/ecommerce/spec/models/cart_spec.rb": [
        1,
        null,
        1,
        1,
        1,
        null,
        1,
        null,
        null
      ],
      "/Users/ralphcaprio/Desktop/Code/rails/ecommerce/app/models/cart.rb": [
        1,
        1,
        1,
        1,
        null,
        1,
        0,
        null,
        null,
        1,
        0,
        0,
        null,
        0,
        null,
        0,
        null,
        null,
        null
      ],
      "/Users/ralphcaprio/Desktop/Code/rails/ecommerce/spec/models/line_item_spec.rb": [
        1,
        null,
        1,
        1,
        2,
        2,
        null,
        2,
        2,
        null,
        null
      ],
      "/Users/ralphcaprio/Desktop/Code/rails/ecommerce/app/models/line_item.rb": [
        1,
        1,
        1,
        1,
        1,
        null,
        null,
        1,
        0,
        null,
        null
      ],
      "/Users/ralphcaprio/Desktop/Code/rails/ecommerce/spec/models/product_spec.rb": [
        1,
        null,
        1,
        null,
        null,
        1,
        1,
        1,
        null,
        1,
        null,
        null,
        null,
        1,
        1,
        1,
        null,
        1,
        null,
        1,
        1,
        null,
        1,
        null,
        null,
        null,
        1,
        1,
        1,
        null,
        1,
        null,
        1,
        1,
        null,
        1,
        null,
        1,
        1,
        null,
        1,
        null,
        null,
        null,
        1,
        1,
        1,
        null,
        1,
        null,
        1,
        1,
        null,
        1,
        null,
        null,
        null,
        1,
        1,
        1,
        1,
        1,
        null,
        null,
        null
      ],
      "/Users/ralphcaprio/Desktop/Code/rails/ecommerce/app/models/product.rb": [
        1,
        1,
        1,
        1,
        1,
        1,
        1,
        null,
        null,
        1,
        3,
        null,
        null,
        1,
        null,
        1,
        1,
        1,
        null,
        0,
        0,
        null,
        null,
        null,
        null
      ],
      "/Users/ralphcaprio/Desktop/Code/rails/ecommerce/spec/models/user_spec.rb": [
        1,
        null,
        1,
        1,
        1,
        1,
        null,
        1,
        null,
        1,
        1,
        null,
        null,
        null,
        1,
        1,
        1,
        1,
        null,
        1,
        null,
        null,
        null
      ],
      "/Users/ralphcaprio/Desktop/Code/rails/ecommerce/spec/routing/products_routes_spec.rb": [
        1,
        null,
        1,
        4,
        null,
        null,
        1,
        1,
        null,
        null,
        1,
        1,
        null,
        null,
        1,
        1,
        null,
        null,
        1,
        1,
        null,
        null,
        1,
        1,
        null,
        null,
        1,
        1,
        null,
        null,
        1,
        1,
        null,
        null,
        null
      ],
      "/Users/ralphcaprio/Desktop/Code/rails/ecommerce/spec/views/carts/show.html.erb_spec.rb": [
        1,
        null,
        1,
        1,
        null
      ],
      "/Users/ralphcaprio/Desktop/Code/rails/ecommerce/spec/views/homes/index.html.erb_spec.rb": [
        1,
        null,
        1,
        3,
        1,
        null,
        1,
        1,
        1,
        null,
        1,
        null,
        null,
        1,
        1,
        1,
        null,
        1,
        10,
        10,
        null,
        null,
        null
      ],
      "/Users/ralphcaprio/Desktop/Code/rails/ecommerce/spec/views/products/edit.html.erb_spec.rb": [
        1,
        null,
        1,
        2,
        1,
        1,
        1,
        null,
        1,
        1,
        null,
        null
      ],
      "/Users/ralphcaprio/Desktop/Code/rails/ecommerce/spec/views/products/index.html.erb_spec.rb": [
        1,
        null,
        1,
        3,
        null,
        1,
        1,
        1,
        null,
        1,
        null,
        null,
        1,
        1,
        1,
        null,
        1,
        3,
        null,
        null,
        null
      ],
      "/Users/ralphcaprio/Desktop/Code/rails/ecommerce/spec/views/products/new.html.erb_spec.rb": [
        1,
        null,
        1,
        1,
        1,
        1,
        1,
        1,
        null,
        null
      ],
      "/Users/ralphcaprio/Desktop/Code/rails/ecommerce/spec/views/products/show.html.erb_spec.rb": [
        1,
        null,
        1,
        1,
        null
      ]
    },
    "timestamp": 1471827525
  }
}
